Timestamp,Device Name,Address,RSSI
2025-02-20 21:44:30 UTC,Silver Lining,25B52A1B-0FAB-74DF-C851-E271F1EE19A3,-51
2025-02-20 21:44:30 UTC,Jeremiah’s Apple Watch,71CC7F9C-7E0F-79A3-39E6-8A18EB8ADD27,-61
2025-02-20 21:44:30 UTC,[LG] webOS TV QNED85TAA,646CE781-D71E-3741-570B-536BDFB4AFA2,-79
2025-02-20 21:44:30 UTC,Unknown,BCBB93DD-EDC5-6144-F67D-3865966304E4,-86
2025-02-20 21:44:30 UTC,FB9266,2950188E-4F25-E315-0B45-4EBC08DB9FFA,-61
2025-02-20 21:44:30 UTC,Unknown,4F16CCCC-A74C-74C3-AAE1-BBF652A8DDED,-73
2025-02-20 21:44:30 UTC,S31 3588 LE,F38601D1-DD9C-5A75-013E-38BC9F720A3A,-73
2025-02-20 21:44:41 UTC,Silver Lining,25B52A1B-0FAB-74DF-C851-E271F1EE19A3,-46
2025-02-20 21:44:41 UTC,Jeremiah’s Apple Watch,71CC7F9C-7E0F-79A3-39E6-8A18EB8ADD27,-57
2025-02-20 21:44:41 UTC,[LG] webOS TV QNED85TAA,646CE781-D71E-3741-570B-536BDFB4AFA2,-84
2025-02-20 21:44:41 UTC,Unknown,BCBB93DD-EDC5-6144-F67D-3865966304E4,-82
2025-02-20 21:44:41 UTC,FB9266,2950188E-4F25-E315-0B45-4EBC08DB9FFA,-59
2025-02-20 21:44:41 UTC,Unknown,4F16CCCC-A74C-74C3-AAE1-BBF652A8DDED,-63
2025-02-20 21:44:41 UTC,S31 3588 LE,F38601D1-DD9C-5A75-013E-38BC9F720A3A,-72
2025-02-20 21:44:41 UTC,[TV] Samsung 6 Series (55),1329A132-B0D5-E7BB-5FD5-13602E7C4953,-94
2025-02-20 21:44:41 UTC,Unknown,324BF7A1-99F8-5B47-86E5-E3BF6C02872F,-79
2025-02-20 21:44:41 UTC,Unknown,B03AD5C9-D30A-B87B-BE67-5AE86F98495C,-56
2025-02-20 21:44:41 UTC,Unknown,6951B959-9754-EC89-890B-DD38324E0FDB,-76
2025-02-20 21:44:41 UTC,Unknown,070491A7-0008-3F63-2703-AEB80E850673,-76
2025-02-20 21:44:41 UTC,Unknown,CF40EFA3-1A59-99AD-F127-CF539FFA1F6B,-46
2025-02-20 21:45:44 UTC,Unknown,4F16CCCC-A74C-74C3-AAE1-BBF652A8DDED,-69
2025-02-20 21:45:44 UTC,FB9266,2950188E-4F25-E315-0B45-4EBC08DB9FFA,-53
2025-02-20 21:45:44 UTC,S31 3588 LE,F38601D1-DD9C-5A75-013E-38BC9F720A3A,-85
2025-02-20 21:45:55 UTC,Unknown,4F16CCCC-A74C-74C3-AAE1-BBF652A8DDED,-75
2025-02-20 21:45:55 UTC,FB9266,2950188E-4F25-E315-0B45-4EBC08DB9FFA,-51
2025-02-20 21:45:55 UTC,S31 3588 LE,F38601D1-DD9C-5A75-013E-38BC9F720A3A,-73
2025-02-20 21:45:55 UTC,[LG] webOS TV QNED85TAA,646CE781-D71E-3741-570B-536BDFB4AFA2,-82
2025-02-20 21:45:55 UTC,Unknown,15D33F6F-E287-D876-4A63-0BF64DC83C03,-85
2025-02-20 21:45:55 UTC,Unknown,324BF7A1-99F8-5B47-86E5-E3BF6C02872F,-84
2025-02-20 21:45:55 UTC,Unknown,F75FF577-0E94-4A9B-45D4-AEC966002CA5,-44
2025-02-20 21:45:55 UTC,Silver Lining,25B52A1B-0FAB-74DF-C851-E271F1EE19A3,-54
2025-02-20 21:45:55 UTC,Unknown,BCBB93DD-EDC5-6144-F67D-3865966304E4,-79
2025-02-20 21:45:55 UTC,Unknown,070491A7-0008-3F63-2703-AEB80E850673,-84
2025-02-20 21:45:55 UTC,Jeremiah’s Apple Watch,71CC7F9C-7E0F-79A3-39E6-8A18EB8ADD27,-59
2025-02-20 21:45:55 UTC,[TV] Samsung 6 Series (55),1329A132-B0D5-E7BB-5FD5-13602E7C4953,-96
2025-02-20 21:45:55 UTC,Unknown,6443246B-31F2-B0EA-62F4-C973A48458C3,-80
2025-02-20 21:45:55 UTC,Unknown,85634206-0CED-491C-F8BC-29EB2DAA658A,-71
2025-02-20 21:46:06 UTC,Unknown,4F16CCCC-A74C-74C3-AAE1-BBF652A8DDED,-66
2025-02-20 21:46:06 UTC,FB9266,2950188E-4F25-E315-0B45-4EBC08DB9FFA,-49
2025-02-20 21:46:06 UTC,S31 3588 LE,F38601D1-DD9C-5A75-013E-38BC9F720A3A,-70
2025-02-20 21:46:06 UTC,[LG] webOS TV QNED85TAA,646CE781-D71E-3741-570B-536BDFB4AFA2,-75
2025-02-20 21:46:06 UTC,Unknown,324BF7A1-99F8-5B47-86E5-E3BF6C02872F,-71
2025-02-20 21:46:06 UTC,Unknown,F75FF577-0E94-4A9B-45D4-AEC966002CA5,-52
2025-02-20 21:46:06 UTC,Silver Lining,25B52A1B-0FAB-74DF-C851-E271F1EE19A3,-47
2025-02-20 21:46:06 UTC,Unknown,BCBB93DD-EDC5-6144-F67D-3865966304E4,-86
2025-02-20 21:46:06 UTC,Unknown,070491A7-0008-3F63-2703-AEB80E850673,-86
2025-02-20 21:46:06 UTC,Jeremiah’s Apple Watch,71CC7F9C-7E0F-79A3-39E6-8A18EB8ADD27,-52
2025-02-20 21:46:06 UTC,[TV] Samsung 6 Series (55),1329A132-B0D5-E7BB-5FD5-13602E7C4953,-92
2025-02-20 21:46:06 UTC,Unknown,6951B959-9754-EC89-890B-DD38324E0FDB,-75
2025-02-20 21:46:06 UTC,Unknown,A46131AC-40A0-F3FD-C737-92F08D0958A8,-81
2025-02-20 21:46:17 UTC,Unknown,4F16CCCC-A74C-74C3-AAE1-BBF652A8DDED,-77
2025-02-20 21:46:17 UTC,FB9266,2950188E-4F25-E315-0B45-4EBC08DB9FFA,-51
2025-02-20 21:46:17 UTC,S31 3588 LE,F38601D1-DD9C-5A75-013E-38BC9F720A3A,-67
2025-02-20 21:46:17 UTC,[LG] webOS TV QNED85TAA,646CE781-D71E-3741-570B-536BDFB4AFA2,-75
2025-02-20 21:46:17 UTC,Unknown,324BF7A1-99F8-5B47-86E5-E3BF6C02872F,-79
2025-02-20 21:46:17 UTC,Unknown,F75FF577-0E94-4A9B-45D4-AEC966002CA5,-47
2025-02-20 21:46:17 UTC,Silver Lining,25B52A1B-0FAB-74DF-C851-E271F1EE19A3,-48
2025-02-20 21:46:17 UTC,Unknown,BCBB93DD-EDC5-6144-F67D-3865966304E4,-78
2025-02-20 21:46:17 UTC,Jeremiah’s Apple Watch,71CC7F9C-7E0F-79A3-39E6-8A18EB8ADD27,-41
2025-02-20 21:46:17 UTC,[TV] Samsung 6 Series (55),1329A132-B0D5-E7BB-5FD5-13602E7C4953,-93
2025-02-20 21:46:17 UTC,Unknown,6951B959-9754-EC89-890B-DD38324E0FDB,-76
2025-02-20 21:46:17 UTC,Unknown,CF40EFA3-1A59-99AD-F127-CF539FFA1F6B,-54
2025-02-20 21:46:17 UTC,Unknown,1A4E27B8-739A-81C8-EB12-F936298C36C1,-95
BEGIN SCAN BLOCK 1,,,,
,2025-02-20 21:49:24 UTC,[LG] webOS TV QNED85TAA,646CE781-D71E-3741-570B-536BDFB4AFA2,-77
,2025-02-20 21:49:24 UTC,Silver Lining,25B52A1B-0FAB-74DF-C851-E271F1EE19A3,-58
,2025-02-20 21:49:24 UTC,Unknown,85634206-0CED-491C-F8BC-29EB2DAA658A,-73
,2025-02-20 21:49:24 UTC,FB9266,2950188E-4F25-E315-0B45-4EBC08DB9FFA,-50
,2025-02-20 21:49:24 UTC,Unknown,BCBB93DD-EDC5-6144-F67D-3865966304E4,-84
,2025-02-20 21:49:24 UTC,Unknown,4F16CCCC-A74C-74C3-AAE1-BBF652A8DDED,-66
,2025-02-20 21:49:24 UTC,Jeremiah’s Apple Watch,71CC7F9C-7E0F-79A3-39E6-8A18EB8ADD27,-35
,2025-02-20 21:49:24 UTC,Unknown,DCFBCE1A-8A26-E384-BC57-E582CE98859C,-40
,2025-02-20 21:49:24 UTC,Unknown,324BF7A1-99F8-5B47-86E5-E3BF6C02872F,-71
END SCAN BLOCK 1,,,,
,,,,
BEGIN SCAN BLOCK 2,,,,
,2025-02-20 21:49:35 UTC,[LG] webOS TV QNED85TAA,646CE781-D71E-3741-570B-536BDFB4AFA2,-85
,2025-02-20 21:49:35 UTC,Silver Lining,25B52A1B-0FAB-74DF-C851-E271F1EE19A3,-46
,2025-02-20 21:49:35 UTC,Unknown,85634206-0CED-491C-F8BC-29EB2DAA658A,-73
,2025-02-20 21:49:35 UTC,FB9266,2950188E-4F25-E315-0B45-4EBC08DB9FFA,-51
,2025-02-20 21:49:35 UTC,Unknown,BCBB93DD-EDC5-6144-F67D-3865966304E4,-86
,2025-02-20 21:49:35 UTC,Unknown,4F16CCCC-A74C-74C3-AAE1-BBF652A8DDED,-64
,2025-02-20 21:49:35 UTC,Jeremiah’s Apple Watch,71CC7F9C-7E0F-79A3-39E6-8A18EB8ADD27,-41
,2025-02-20 21:49:35 UTC,Unknown,DCFBCE1A-8A26-E384-BC57-E582CE98859C,-39
,2025-02-20 21:49:35 UTC,Unknown,324BF7A1-99F8-5B47-86E5-E3BF6C02872F,-72
,2025-02-20 21:49:35 UTC,S31 3588 LE,F38601D1-DD9C-5A75-013E-38BC9F720A3A,-71
,2025-02-20 21:49:35 UTC,Unknown,070491A7-0008-3F63-2703-AEB80E850673,-81
,2025-02-20 21:49:35 UTC,Unknown,F75FF577-0E94-4A9B-45D4-AEC966002CA5,-55
,2025-02-20 21:49:35 UTC,Unknown,CF40EFA3-1A59-99AD-F127-CF539FFA1F6B,-54
,2025-02-20 21:49:35 UTC,Unknown,AF12A47D-68F5-158C-9C39-1DCBD7FAC7B1,-74
,2025-02-20 21:49:35 UTC,[TV] Samsung 6 Series (55),1329A132-B0D5-E7BB-5FD5-13602E7C4953,-93
,2025-02-20 21:49:35 UTC,Unknown,6443246B-31F2-B0EA-62F4-C973A48458C3,-74
,2025-02-20 21:49:35 UTC,Flipper Insh3r,942E2E91-6015-C297-59B8-9FBCBC7B51A6,-79
END SCAN BLOCK 2,,,,
,,,,
